<?xml version="1.0" encoding="UTF-8" standalone="yes"?><!DOCTYPE report PUBLIC "-//JACOCO//DTD Report 1.1//EN" "report.dtd"><report name="jqassistant-context-mapper-plugin"><sessioninfo id="fv-az1788-623-f2a11d0f" start="1721897846875" dump="1721897866443"/><package name="org/jqassistant/plugin/contextmapper/model"><class name="org/jqassistant/plugin/contextmapper/model/BoundedContextDependencyType" sourcefilename="BoundedContextDependencyType.java"><method name="&lt;init&gt;" desc="(Ljava/lang/String;ILjava/lang/String;)V" line="19"><counter type="INSTRUCTION" missed="0" covered="8"/><counter type="LINE" missed="0" covered="3"/><counter type="COMPLEXITY" missed="0" covered="1"/><counter type="METHOD" missed="0" covered="1"/></method><method name="getByType" desc="(Ljava/lang/String;)Lorg/jqassistant/plugin/contextmapper/model/BoundedContextDependencyType;" line="24"><counter type="INSTRUCTION" missed="2" covered="23"/><counter type="BRANCH" missed="2" covered="7"/><counter type="LINE" missed="1" covered="7"/><counter type="COMPLEXITY" missed="2" covered="5"/><counter type="METHOD" missed="0" covered="1"/></method><method name="getType" desc="()Ljava/lang/String;" line="17"><counter type="INSTRUCTION" missed="0" covered="3"/><counter type="LINE" missed="0" covered="1"/><counter type="COMPLEXITY" missed="0" covered="1"/><counter type="METHOD" missed="0" covered="1"/></method><method name="&lt;clinit&gt;" desc="()V" line="10"><counter type="INSTRUCTION" missed="0" covered="31"/><counter type="LINE" missed="0" covered="5"/><counter type="COMPLEXITY" missed="0" covered="1"/><counter type="METHOD" missed="0" covered="1"/></method><counter type="INSTRUCTION" missed="2" covered="65"/><counter type="BRANCH" missed="2" covered="7"/><counter type="LINE" missed="1" covered="16"/><counter type="COMPLEXITY" missed="2" covered="8"/><counter type="METHOD" missed="0" covered="4"/><counter type="CLASS" missed="0" covered="1"/></class><class name="org/jqassistant/plugin/contextmapper/model/BoundedContextDefinesDependency" sourcefilename="BoundedContextDefinesDependency.java"/><class name="org/jqassistant/plugin/contextmapper/model/BoundedContextDependsOn" sourcefilename="BoundedContextDependsOn.java"/><class name="org/jqassistant/plugin/contextmapper/model/BoundedContextDependencyDescriptor" sourcefilename="BoundedContextDependencyDescriptor.java"/><class name="org/jqassistant/plugin/contextmapper/model/DomainDescriptor" sourcefilename="DomainDescriptor.java"/><class name="org/jqassistant/plugin/contextmapper/model/SubdomainDescriptor" sourcefilename="SubdomainDescriptor.java"/><class name="org/jqassistant/plugin/contextmapper/model/ContextMapDescriptor" sourcefilename="ContextMapDescriptor.java"/><class name="org/jqassistant/plugin/contextmapper/model/ContextMapperFileDescriptor" sourcefilename="ContextMapperFileDescriptor.java"/><class name="org/jqassistant/plugin/contextmapper/model/BoundedContextBaseDescriptor" sourcefilename="BoundedContextBaseDescriptor.java"/><class name="org/jqassistant/plugin/contextmapper/model/ContextMapperDescriptor" sourcefilename="ContextMapperDescriptor.java"/><class name="org/jqassistant/plugin/contextmapper/model/BoundedContextDescriptor" sourcefilename="BoundedContextDescriptor.java"/><sourcefile name="BoundedContextDependencyType.java"><line nr="10" mi="0" ci="3" mb="0" cb="0"/><line nr="12" mi="0" ci="7" mb="0" cb="0"/><line nr="13" mi="0" ci="7" mb="0" cb="0"/><line nr="14" mi="0" ci="7" mb="0" cb="0"/><line nr="15" mi="0" ci="7" mb="0" cb="0"/><line nr="17" mi="0" ci="3" mb="0" cb="0"/><line nr="19" mi="0" ci="4" mb="0" cb="0"/><line nr="20" mi="0" ci="3" mb="0" cb="0"/><line nr="21" mi="0" ci="1" mb="0" cb="0"/><line nr="24" mi="0" ci="5" mb="1" cb="3"/><line nr="25" mi="0" ci="2" mb="0" cb="0"/><line nr="27" mi="0" ci="8" mb="1" cb="4"/><line nr="28" mi="0" ci="2" mb="0" cb="0"/><line nr="29" mi="0" ci="2" mb="0" cb="0"/><line nr="30" mi="0" ci="2" mb="0" cb="0"/><line nr="31" mi="0" ci="2" mb="0" cb="0"/><line nr="32" mi="2" ci="0" mb="0" cb="0"/><counter type="INSTRUCTION" missed="2" covered="65"/><counter type="BRANCH" missed="2" covered="7"/><counter type="LINE" missed="1" covered="16"/><counter type="COMPLEXITY" missed="2" covered="8"/><counter type="METHOD" missed="0" covered="4"/><counter type="CLASS" missed="0" covered="1"/></sourcefile><sourcefile name="DomainDescriptor.java"/><sourcefile name="SubdomainDescriptor.java"/><sourcefile name="BoundedContextDependsOn.java"/><sourcefile name="ContextMapperFileDescriptor.java"/><sourcefile name="BoundedContextBaseDescriptor.java"/><sourcefile name="BoundedContextDependencyDescriptor.java"/><sourcefile name="BoundedContextDefinesDependency.java"/><sourcefile name="ContextMapperDescriptor.java"/><sourcefile name="ContextMapDescriptor.java"/><sourcefile name="BoundedContextDescriptor.java"/><counter type="INSTRUCTION" missed="2" covered="65"/><counter type="BRANCH" missed="2" covered="7"/><counter type="LINE" missed="1" covered="16"/><counter type="COMPLEXITY" missed="2" covered="8"/><counter type="METHOD" missed="0" covered="4"/><counter type="CLASS" missed="0" covered="1"/></package><package name="org/jqassistant/plugin/contextmapper"><class name="org/jqassistant/plugin/contextmapper/ContextMapperScannerPlugin" sourcefilename="ContextMapperScannerPlugin.java"><method name="&lt;init&gt;" desc="()V" line="30"><counter type="INSTRUCTION" missed="0" covered="3"/><counter type="LINE" missed="0" covered="1"/><counter type="COMPLEXITY" missed="0" covered="1"/><counter type="METHOD" missed="0" covered="1"/></method><method name="accepts" desc="(Lcom/buschmais/jqassistant/plugin/common/api/scanner/filesystem/FileResource;Ljava/lang/String;Lcom/buschmais/jqassistant/core/scanner/api/Scope;)Z" line="34"><counter type="INSTRUCTION" missed="0" covered="5"/><counter type="LINE" missed="0" covered="1"/><counter type="COMPLEXITY" missed="0" covered="1"/><counter type="METHOD" missed="0" covered="1"/></method><method name="scan" desc="(Lcom/buschmais/jqassistant/plugin/common/api/scanner/filesystem/FileResource;Ljava/lang/String;Lcom/buschmais/jqassistant/core/scanner/api/Scope;Lcom/buschmais/jqassistant/core/scanner/api/Scanner;)Lorg/jqassistant/plugin/contextmapper/model/ContextMapperDescriptor;" line="39"><counter type="INSTRUCTION" missed="0" covered="63"/><counter type="LINE" missed="0" covered="15"/><counter type="COMPLEXITY" missed="0" covered="1"/><counter type="METHOD" missed="0" covered="1"/></method><method name="processDomain" desc="(Lcom/buschmais/jqassistant/core/store/api/Store;Lorg/contextmapper/dsl/contextMappingDSL/Domain;Lorg/jqassistant/plugin/contextmapper/model/ContextMapperFileDescriptor;)Lorg/jqassistant/plugin/contextmapper/model/DomainDescriptor;" line="63"><counter type="INSTRUCTION" missed="0" covered="29"/><counter type="BRANCH" missed="0" covered="2"/><counter type="LINE" missed="0" covered="7"/><counter type="COMPLEXITY" missed="0" covered="2"/><counter type="METHOD" missed="0" covered="1"/></method><method name="processBoundedContexts" desc="(Lcom/buschmais/jqassistant/core/store/api/Store;Ljava/util/List;Lorg/contextmapper/dsl/contextMappingDSL/BoundedContext;)Lorg/jqassistant/plugin/contextmapper/model/BoundedContextDescriptor;" line="86"><counter type="INSTRUCTION" missed="0" covered="62"/><counter type="BRANCH" missed="3" covered="9"/><counter type="LINE" missed="0" covered="14"/><counter type="COMPLEXITY" missed="3" covered="4"/><counter type="METHOD" missed="0" covered="1"/></method><method name="processContextMap" desc="(Lcom/buschmais/jqassistant/core/store/api/Store;Lorg/contextmapper/dsl/contextMappingDSL/ContextMap;Ljava/util/List;)Lorg/jqassistant/plugin/contextmapper/model/ContextMapDescriptor;" line="115"><counter type="INSTRUCTION" missed="2" covered="41"/><counter type="BRANCH" missed="2" covered="2"/><counter type="LINE" missed="0" covered="7"/><counter type="COMPLEXITY" missed="2" covered="1"/><counter type="METHOD" missed="0" covered="1"/></method><method name="getDomainByName" desc="(Ljava/util/List;Ljava/lang/String;)Ljava/util/Optional;" line="151"><counter type="INSTRUCTION" missed="7" covered="0"/><counter type="LINE" missed="3" covered="0"/><counter type="COMPLEXITY" missed="1" covered="0"/><counter type="METHOD" missed="1" covered="0"/></method><method name="getSubdomainByName" desc="(Ljava/util/List;Ljava/lang/String;)Ljava/util/Optional;" line="157"><counter type="INSTRUCTION" missed="0" covered="9"/><counter type="LINE" missed="0" covered="4"/><counter type="COMPLEXITY" missed="0" covered="1"/><counter type="METHOD" missed="0" covered="1"/></method><method name="getBoundedContextByName" desc="(Ljava/util/List;Ljava/lang/String;Ljava/lang/String;)Ljava/util/Optional;" line="164"><counter type="INSTRUCTION" missed="0" covered="15"/><counter type="BRANCH" missed="0" covered="2"/><counter type="LINE" missed="0" covered="6"/><counter type="COMPLEXITY" missed="0" covered="2"/><counter type="METHOD" missed="0" covered="1"/></method><method name="createBoundedContextRelationship" desc="(Lcom/buschmais/jqassistant/core/store/api/Store;Lorg/jqassistant/plugin/contextmapper/model/BoundedContextDescriptor;Lorg/jqassistant/plugin/contextmapper/model/BoundedContextDescriptor;Ljava/lang/String;)V" line="174"><counter type="INSTRUCTION" missed="0" covered="11"/><counter type="LINE" missed="0" covered="2"/><counter type="COMPLEXITY" missed="0" covered="1"/><counter type="METHOD" missed="0" covered="1"/></method><method name="createBoundedContextRelationship" desc="(Lcom/buschmais/jqassistant/core/store/api/Store;Lorg/jqassistant/plugin/contextmapper/model/BoundedContextDescriptor;[Ljava/lang/String;Lorg/jqassistant/plugin/contextmapper/model/BoundedContextDescriptor;[Ljava/lang/String;Ljava/lang/String;)V" line="178"><counter type="INSTRUCTION" missed="0" covered="17"/><counter type="LINE" missed="0" covered="5"/><counter type="COMPLEXITY" missed="0" covered="1"/><counter type="METHOD" missed="0" covered="1"/></method><method name="lambda$getBoundedContextByName$22" desc="(Ljava/lang/String;Lorg/jqassistant/plugin/contextmapper/model/BoundedContextDescriptor;)Z" line="169"><counter type="INSTRUCTION" missed="0" covered="5"/><counter type="LINE" missed="0" covered="1"/><counter type="COMPLEXITY" missed="0" covered="1"/><counter type="METHOD" missed="0" covered="1"/></method><method name="lambda$getSubdomainByName$21" desc="(Ljava/lang/String;Lorg/jqassistant/plugin/contextmapper/model/SubdomainDescriptor;)Z" line="159"><counter type="INSTRUCTION" missed="0" covered="5"/><counter type="LINE" missed="0" covered="1"/><counter type="COMPLEXITY" missed="0" covered="1"/><counter type="METHOD" missed="0" covered="1"/></method><method name="lambda$getSubdomainByName$20" desc="(Lorg/jqassistant/plugin/contextmapper/model/DomainDescriptor;)Ljava/util/stream/Stream;" line="158"><counter type="INSTRUCTION" missed="0" covered="4"/><counter type="LINE" missed="0" covered="1"/><counter type="COMPLEXITY" missed="0" covered="1"/><counter type="METHOD" missed="0" covered="1"/></method><method name="lambda$getDomainByName$19" desc="(Ljava/lang/String;Lorg/jqassistant/plugin/contextmapper/model/DomainDescriptor;)Z" line="152"><counter type="INSTRUCTION" missed="5" covered="0"/><counter type="LINE" missed="1" covered="0"/><counter type="COMPLEXITY" missed="1" covered="0"/><counter type="METHOD" missed="1" covered="0"/></method><method name="lambda$processContextMap$18" desc="(Lorg/jqassistant/plugin/contextmapper/model/ContextMapDescriptor;Lorg/jqassistant/plugin/contextmapper/model/BoundedContextDescriptor;)V" line="145"><counter type="INSTRUCTION" missed="0" covered="6"/><counter type="LINE" missed="0" covered="1"/><counter type="COMPLEXITY" missed="0" covered="1"/><counter type="METHOD" missed="0" covered="1"/></method><method name="lambda$processContextMap$17" desc="(Ljava/util/List;Lorg/contextmapper/dsl/contextMappingDSL/ContextMap;Lcom/buschmais/jqassistant/core/store/api/Store;Lorg/contextmapper/dsl/contextMappingDSL/Relationship;)V" line="121"><counter type="INSTRUCTION" missed="0" covered="60"/><counter type="BRANCH" missed="1" covered="5"/><counter type="LINE" missed="0" covered="7"/><counter type="COMPLEXITY" missed="1" covered="3"/><counter type="METHOD" missed="0" covered="1"/></method><method name="lambda$processContextMap$16" desc="(Ljava/util/List;Lorg/contextmapper/dsl/contextMappingDSL/ContextMap;Lorg/contextmapper/dsl/contextMappingDSL/Relationship;Lcom/buschmais/jqassistant/core/store/api/Store;Lorg/jqassistant/plugin/contextmapper/model/BoundedContextDescriptor;)V" line="138"><counter type="INSTRUCTION" missed="0" covered="15"/><counter type="LINE" missed="0" covered="2"/><counter type="COMPLEXITY" missed="0" covered="1"/><counter type="METHOD" missed="0" covered="1"/></method><method name="lambda$processContextMap$15" desc="(Lcom/buschmais/jqassistant/core/store/api/Store;Lorg/jqassistant/plugin/contextmapper/model/BoundedContextDescriptor;Lorg/jqassistant/plugin/contextmapper/model/BoundedContextDescriptor;)V" line="139"><counter type="INSTRUCTION" missed="0" covered="8"/><counter type="LINE" missed="0" covered="2"/><counter type="COMPLEXITY" missed="0" covered="1"/><counter type="METHOD" missed="0" covered="1"/></method><method name="lambda$processContextMap$14" desc="(Ljava/util/List;Lorg/contextmapper/dsl/contextMappingDSL/ContextMap;Lorg/contextmapper/dsl/contextMappingDSL/Relationship;Lcom/buschmais/jqassistant/core/store/api/Store;Lorg/jqassistant/plugin/contextmapper/model/BoundedContextDescriptor;)V" line="132"><counter type="INSTRUCTION" missed="0" covered="15"/><counter type="LINE" missed="0" covered="2"/><counter type="COMPLEXITY" missed="0" covered="1"/><counter type="METHOD" missed="0" covered="1"/></method><method name="lambda$processContextMap$13" desc="(Lcom/buschmais/jqassistant/core/store/api/Store;Lorg/jqassistant/plugin/contextmapper/model/BoundedContextDescriptor;Lorg/jqassistant/plugin/contextmapper/model/BoundedContextDescriptor;)V" line="133"><counter type="INSTRUCTION" missed="0" covered="8"/><counter type="LINE" missed="0" covered="2"/><counter type="COMPLEXITY" missed="0" covered="1"/><counter type="METHOD" missed="0" covered="1"/></method><method name="lambda$processContextMap$12" desc="(Ljava/util/List;Lorg/contextmapper/dsl/contextMappingDSL/ContextMap;Lorg/contextmapper/dsl/contextMappingDSL/Relationship;Lcom/buschmais/jqassistant/core/store/api/Store;Lorg/jqassistant/plugin/contextmapper/model/BoundedContextDescriptor;)V" line="123"><counter type="INSTRUCTION" missed="0" covered="16"/><counter type="LINE" missed="0" covered="2"/><counter type="COMPLEXITY" missed="0" covered="1"/><counter type="METHOD" missed="0" covered="1"/></method><method name="lambda$processContextMap$11" desc="(Lorg/contextmapper/dsl/contextMappingDSL/Relationship;Lcom/buschmais/jqassistant/core/store/api/Store;Lorg/jqassistant/plugin/contextmapper/model/BoundedContextDescriptor;Lorg/jqassistant/plugin/contextmapper/model/BoundedContextDescriptor;)V" line="124"><counter type="INSTRUCTION" missed="0" covered="36"/><counter type="BRANCH" missed="0" covered="2"/><counter type="LINE" missed="0" covered="4"/><counter type="COMPLEXITY" missed="0" covered="2"/><counter type="METHOD" missed="0" covered="1"/></method><method name="lambda$processContextMap$10" desc="(I)[Ljava/lang/String;" line="125"><counter type="INSTRUCTION" missed="0" covered="3"/><counter type="LINE" missed="0" covered="1"/><counter type="COMPLEXITY" missed="0" covered="1"/><counter type="METHOD" missed="0" covered="1"/></method><method name="lambda$processContextMap$9" desc="(I)[Ljava/lang/String;" line="124"><counter type="INSTRUCTION" missed="0" covered="3"/><counter type="LINE" missed="0" covered="1"/><counter type="COMPLEXITY" missed="0" covered="1"/><counter type="METHOD" missed="0" covered="1"/></method><method name="lambda$processBoundedContexts$8" desc="(Ljava/util/List;Lorg/jqassistant/plugin/contextmapper/model/BoundedContextDescriptor;Lorg/contextmapper/dsl/contextMappingDSL/DomainPart;)V" line="104"><counter type="INSTRUCTION" missed="11" covered="13"/><counter type="BRANCH" missed="3" covered="1"/><counter type="LINE" missed="2" covered="3"/><counter type="COMPLEXITY" missed="2" covered="1"/><counter type="METHOD" missed="0" covered="1"/></method><method name="lambda$processBoundedContexts$7" desc="(Lorg/jqassistant/plugin/contextmapper/model/BoundedContextDescriptor;Lorg/jqassistant/plugin/contextmapper/model/DomainDescriptor;)V" line="107"><counter type="INSTRUCTION" missed="6" covered="0"/><counter type="LINE" missed="1" covered="0"/><counter type="COMPLEXITY" missed="1" covered="0"/><counter type="METHOD" missed="1" covered="0"/></method><method name="lambda$processBoundedContexts$6" desc="(Lorg/jqassistant/plugin/contextmapper/model/BoundedContextDescriptor;Lorg/jqassistant/plugin/contextmapper/model/SubdomainDescriptor;)V" line="105"><counter type="INSTRUCTION" missed="0" covered="6"/><counter type="LINE" missed="0" covered="1"/><counter type="COMPLEXITY" missed="0" covered="1"/><counter type="METHOD" missed="0" covered="1"/></method><method name="lambda$processBoundedContexts$5" desc="(I)[Ljava/lang/String;" line="98"><counter type="INSTRUCTION" missed="0" covered="3"/><counter type="LINE" missed="0" covered="1"/><counter type="COMPLEXITY" missed="0" covered="1"/><counter type="METHOD" missed="0" covered="1"/></method><method name="lambda$processDomain$4" desc="(Lcom/buschmais/jqassistant/core/store/api/Store;Lorg/jqassistant/plugin/contextmapper/model/DomainDescriptor;Lorg/contextmapper/dsl/contextMappingDSL/Subdomain;)V" line="71"><counter type="INSTRUCTION" missed="0" covered="30"/><counter type="BRANCH" missed="2" covered="2"/><counter type="LINE" missed="0" covered="8"/><counter type="COMPLEXITY" missed="2" covered="1"/><counter type="METHOD" missed="0" covered="1"/></method><method name="lambda$scan$3" desc="(Lorg/jqassistant/plugin/contextmapper/model/ContextMapperFileDescriptor;Lorg/jqassistant/plugin/contextmapper/model/ContextMapDescriptor;)V" line="57"><counter type="INSTRUCTION" missed="0" covered="6"/><counter type="LINE" missed="0" covered="1"/><counter type="COMPLEXITY" missed="0" covered="1"/><counter type="METHOD" missed="0" covered="1"/></method><method name="lambda$scan$2" desc="(Lcom/buschmais/jqassistant/core/store/api/Store;Ljava/util/List;Lorg/contextmapper/dsl/contextMappingDSL/ContextMap;)Lorg/jqassistant/plugin/contextmapper/model/ContextMapDescriptor;" line="56"><counter type="INSTRUCTION" missed="0" covered="6"/><counter type="LINE" missed="0" covered="1"/><counter type="COMPLEXITY" missed="0" covered="1"/><counter type="METHOD" missed="0" covered="1"/></method><method name="lambda$scan$1" desc="(Lcom/buschmais/jqassistant/core/store/api/Store;Ljava/util/List;Lorg/contextmapper/dsl/contextMappingDSL/BoundedContext;)Lorg/jqassistant/plugin/contextmapper/model/BoundedContextDescriptor;" line="52"><counter type="INSTRUCTION" missed="0" covered="6"/><counter type="LINE" missed="0" covered="1"/><counter type="COMPLEXITY" missed="0" covered="1"/><counter type="METHOD" missed="0" covered="1"/></method><method name="lambda$scan$0" desc="(Lcom/buschmais/jqassistant/core/store/api/Store;Lorg/jqassistant/plugin/contextmapper/model/ContextMapperFileDescriptor;Lorg/contextmapper/dsl/contextMappingDSL/Domain;)Lorg/jqassistant/plugin/contextmapper/model/DomainDescriptor;" line="48"><counter type="INSTRUCTION" missed="0" covered="6"/><counter type="LINE" missed="0" covered="1"/><counter type="COMPLEXITY" missed="0" covered="1"/><counter type="METHOD" missed="0" covered="1"/></method><method name="&lt;clinit&gt;" desc="()V" line="29"><counter type="INSTRUCTION" missed="0" covered="4"/><counter type="LINE" missed="0" covered="1"/><counter type="COMPLEXITY" missed="0" covered="1"/><counter type="METHOD" missed="0" covered="1"/></method><counter type="INSTRUCTION" missed="31" covered="519"/><counter type="BRANCH" missed="11" covered="25"/><counter type="LINE" missed="5" covered="95"/><counter type="COMPLEXITY" missed="13" covered="40"/><counter type="METHOD" missed="3" covered="32"/><counter type="CLASS" missed="0" covered="1"/></class><class name="org/jqassistant/plugin/contextmapper/ContextMapperReportPlugin" sourcefilename="ContextMapperReportPlugin.java"><method name="&lt;init&gt;" desc="()V" line="27"><counter type="INSTRUCTION" missed="0" covered="3"/><counter type="LINE" missed="0" covered="1"/><counter type="COMPLEXITY" missed="0" covered="1"/><counter type="METHOD" missed="0" covered="1"/></method><method name="configure" desc="(Lcom/buschmais/jqassistant/core/report/api/ReportContext;Ljava/util/Map;)V" line="42"><counter type="INSTRUCTION" missed="10" covered="28"/><counter type="BRANCH" missed="2" covered="1"/><counter type="LINE" missed="3" covered="7"/><counter type="COMPLEXITY" missed="2" covered="1"/><counter type="METHOD" missed="0" covered="1"/></method><method name="setResult" desc="(Lcom/buschmais/jqassistant/core/report/api/model/Result;)V" line="57"><counter type="INSTRUCTION" missed="13" covered="33"/><counter type="LINE" missed="4" covered="6"/><counter type="COMPLEXITY" missed="0" covered="1"/><counter type="METHOD" missed="0" covered="1"/></method><method name="&lt;clinit&gt;" desc="()V" line="31"><counter type="INSTRUCTION" missed="0" covered="3"/><counter type="LINE" missed="0" covered="1"/><counter type="COMPLEXITY" missed="0" covered="1"/><counter type="METHOD" missed="0" covered="1"/></method><counter type="INSTRUCTION" missed="23" covered="67"/><counter type="BRANCH" missed="2" covered="1"/><counter type="LINE" missed="7" covered="15"/><counter type="COMPLEXITY" missed="2" covered="4"/><counter type="METHOD" missed="0" covered="4"/><counter type="CLASS" missed="0" covered="1"/></class><sourcefile name="ContextMapperReportPlugin.java"><line nr="27" mi="0" ci="3" mb="0" cb="0"/><line nr="31" mi="0" ci="3" mb="0" cb="0"/><line nr="42" mi="0" ci="3" mb="0" cb="0"/><line nr="43" mi="0" ci="5" mb="0" cb="0"/><line nr="44" mi="0" ci="7" mb="0" cb="0"/><line nr="45" mi="0" ci="8" mb="2" cb="1"/><line nr="46" mi="0" ci="3" mb="0" cb="0"/><line nr="47" mi="0" ci="1" mb="0" cb="0"/><line nr="48" mi="3" ci="0" mb="0" cb="0"/><line nr="49" mi="1" ci="0" mb="0" cb="0"/><line nr="51" mi="6" ci="0" mb="0" cb="0"/><line nr="53" mi="0" ci="1" mb="0" cb="0"/><line nr="57" mi="0" ci="6" mb="0" cb="0"/><line nr="59" mi="0" ci="12" mb="0" cb="0"/><line nr="60" mi="0" ci="4" mb="0" cb="0"/><line nr="61" mi="0" ci="9" mb="0" cb="0"/><line nr="62" mi="1" ci="0" mb="0" cb="0"/><line nr="63" mi="5" ci="0" mb="0" cb="0"/><line nr="64" mi="1" ci="0" mb="0" cb="0"/><line nr="65" mi="6" ci="0" mb="0" cb="0"/><line nr="66" mi="0" ci="1" mb="0" cb="0"/><line nr="67" mi="0" ci="1" mb="0" cb="0"/><counter type="INSTRUCTION" missed="23" covered="67"/><counter type="BRANCH" missed="2" covered="1"/><counter type="LINE" missed="7" covered="15"/><counter type="COMPLEXITY" missed="2" covered="4"/><counter type="METHOD" missed="0" covered="4"/><counter type="CLASS" missed="0" covered="1"/></sourcefile><sourcefile name="ContextMapperScannerPlugin.java"><line nr="29" mi="0" ci="4" mb="0" cb="0"/><line nr="30" mi="0" ci="3" mb="0" cb="0"/><line nr="34" mi="0" ci="5" mb="0" cb="0"/><line nr="39" mi="0" ci="3" mb="0" cb="0"/><line nr="40" mi="0" ci="3" mb="0" cb="0"/><line nr="42" mi="0" ci="2" mb="0" cb="0"/><line nr="43" mi="0" ci="5" mb="0" cb="0"/><line nr="45" mi="0" ci="7" mb="0" cb="0"/><line nr="47" mi="0" ci="9" mb="0" cb="0"/><line nr="48" mi="0" ci="7" mb="0" cb="0"/><line nr="49" mi="0" ci="4" mb="0" cb="0"/><line nr="51" mi="0" ci="9" mb="0" cb="0"/><line nr="52" mi="0" ci="7" mb="0" cb="0"/><line nr="53" mi="0" ci="4" mb="0" cb="0"/><line nr="55" mi="0" ci="9" mb="0" cb="0"/><line nr="56" mi="0" ci="9" mb="0" cb="0"/><line nr="57" mi="0" ci="7" mb="0" cb="0"/><line nr="59" mi="0" ci="2" mb="0" cb="0"/><line nr="63" mi="0" ci="5" mb="0" cb="0"/><line nr="64" mi="0" ci="5" mb="0" cb="0"/><line nr="65" mi="0" ci="4" mb="0" cb="0"/><line nr="66" mi="0" ci="3" mb="0" cb="2"/><line nr="67" mi="0" ci="4" mb="0" cb="0"/><line nr="70" mi="0" ci="6" mb="0" cb="0"/><line nr="71" mi="0" ci="5" mb="0" cb="0"/><line nr="72" mi="0" ci="4" mb="0" cb="0"/><line nr="73" mi="0" ci="3" mb="1" cb="1"/><line nr="74" mi="0" ci="5" mb="0" cb="0"/><line nr="76" mi="0" ci="3" mb="1" cb="1"/><line nr="77" mi="0" ci="4" mb="0" cb="0"/><line nr="79" mi="0" ci="5" mb="0" cb="0"/><line nr="80" mi="0" ci="1" mb="0" cb="0"/><line nr="82" mi="0" ci="2" mb="0" cb="0"/><line nr="86" mi="0" ci="5" mb="0" cb="0"/><line nr="87" mi="0" ci="4" mb="0" cb="0"/><line nr="88" mi="0" ci="3" mb="1" cb="1"/><line nr="89" mi="0" ci="5" mb="0" cb="0"/><line nr="91" mi="0" ci="3" mb="0" cb="2"/><line nr="92" mi="0" ci="4" mb="0" cb="0"/><line nr="94" mi="0" ci="3" mb="0" cb="2"/><line nr="95" mi="0" ci="4" mb="0" cb="0"/><line nr="97" mi="0" ci="7" mb="1" cb="3"/><line nr="98" mi="0" ci="10" mb="0" cb="0"/><line nr="100" mi="0" ci="3" mb="1" cb="1"/><line nr="101" mi="0" ci="5" mb="0" cb="0"/><line nr="103" mi="0" ci="7" mb="0" cb="0"/><line nr="104" mi="0" ci="3" mb="1" cb="1"/><line nr="105" mi="0" ci="15" mb="0" cb="0"/><line nr="106" mi="3" ci="0" mb="2" cb="0"/><line nr="107" mi="14" ci="0" mb="0" cb="0"/><line nr="109" mi="0" ci="1" mb="0" cb="0"/><line nr="111" mi="0" ci="2" mb="0" cb="0"/><line nr="115" mi="0" ci="5" mb="0" cb="0"/><line nr="116" mi="0" ci="4" mb="0" cb="0"/><line nr="117" mi="1" ci="9" mb="1" cb="1"/><line nr="118" mi="1" ci="9" mb="1" cb="1"/><line nr="120" mi="0" ci="8" mb="0" cb="0"/><line nr="121" mi="0" ci="3" mb="0" cb="2"/><line nr="122" mi="0" ci="17" mb="0" cb="0"/><line nr="123" mi="0" ci="15" mb="0" cb="0"/><line nr="124" mi="0" ci="13" mb="0" cb="0"/><line nr="125" mi="0" ci="13" mb="0" cb="0"/><line nr="127" mi="0" ci="15" mb="0" cb="2"/><line nr="128" mi="0" ci="1" mb="0" cb="0"/><line nr="129" mi="0" ci="1" mb="0" cb="0"/><line nr="130" mi="0" ci="3" mb="0" cb="2"/><line nr="131" mi="0" ci="17" mb="0" cb="0"/><line nr="132" mi="0" ci="14" mb="0" cb="0"/><line nr="133" mi="0" ci="7" mb="0" cb="0"/><line nr="134" mi="0" ci="1" mb="0" cb="0"/><line nr="135" mi="0" ci="1" mb="0" cb="0"/><line nr="136" mi="0" ci="3" mb="1" cb="1"/><line nr="137" mi="0" ci="16" mb="0" cb="0"/><line nr="138" mi="0" ci="14" mb="0" cb="0"/><line nr="139" mi="0" ci="7" mb="0" cb="0"/><line nr="140" mi="0" ci="1" mb="0" cb="0"/><line nr="141" mi="0" ci="1" mb="0" cb="0"/><line nr="143" mi="0" ci="1" mb="0" cb="0"/><line nr="145" mi="0" ci="10" mb="0" cb="0"/><line nr="147" mi="0" ci="2" mb="0" cb="0"/><line nr="151" mi="5" ci="0" mb="0" cb="0"/><line nr="152" mi="6" ci="0" mb="0" cb="0"/><line nr="153" mi="1" ci="0" mb="0" cb="0"/><line nr="157" mi="0" ci="4" mb="0" cb="0"/><line nr="158" mi="0" ci="7" mb="0" cb="0"/><line nr="159" mi="0" ci="6" mb="0" cb="0"/><line nr="160" mi="0" ci="1" mb="0" cb="0"/><line nr="164" mi="0" ci="2" mb="0" cb="2"/><line nr="165" mi="0" ci="4" mb="0" cb="0"/><line nr="166" mi="0" ci="2" mb="0" cb="0"/><line nr="168" mi="0" ci="5" mb="0" cb="0"/><line nr="169" mi="0" ci="6" mb="0" cb="0"/><line nr="170" mi="0" ci="1" mb="0" cb="0"/><line nr="174" mi="0" ci="10" mb="0" cb="0"/><line nr="175" mi="0" ci="1" mb="0" cb="0"/><line nr="178" mi="0" ci="7" mb="0" cb="0"/><line nr="179" mi="0" ci="3" mb="0" cb="0"/><line nr="180" mi="0" ci="3" mb="0" cb="0"/><line nr="181" mi="0" ci="3" mb="0" cb="0"/><line nr="182" mi="0" ci="1" mb="0" cb="0"/><counter type="INSTRUCTION" missed="31" covered="519"/><counter type="BRANCH" missed="11" covered="25"/><counter type="LINE" missed="5" covered="95"/><counter type="COMPLEXITY" missed="13" covered="40"/><counter type="METHOD" missed="3" covered="32"/><counter type="CLASS" missed="0" covered="1"/></sourcefile><counter type="INSTRUCTION" missed="54" covered="586"/><counter type="BRANCH" missed="13" covered="26"/><counter type="LINE" missed="12" covered="110"/><counter type="COMPLEXITY" missed="15" covered="44"/><counter type="METHOD" missed="3" covered="36"/><counter type="CLASS" missed="0" covered="2"/></package><package name="org/jqassistant/plugin/contextmapper/report"><class name="org/jqassistant/plugin/contextmapper/report/ContextMapperLanguage$ContextMapperLanguageElement$3" sourcefilename="ContextMapperLanguage.java"><method name="&lt;init&gt;" desc="(Ljava/lang/String;I)V" line="40"><counter type="INSTRUCTION" missed="0" covered="5"/><counter type="LINE" missed="0" covered="1"/><counter type="COMPLEXITY" missed="0" covered="1"/><counter type="METHOD" missed="0" covered="1"/></method><method name="getSourceProvider" desc="()Lcom/buschmais/jqassistant/core/report/api/SourceProvider;" line="42"><counter type="INSTRUCTION" missed="2" covered="0"/><counter type="LINE" missed="1" covered="0"/><counter type="COMPLEXITY" missed="1" covered="0"/><counter type="METHOD" missed="1" covered="0"/></method><method name="lambda$getSourceProvider$0" desc="(Lorg/jqassistant/plugin/contextmapper/model/SubdomainDescriptor;)Ljava/lang/String;" line="42"><counter type="INSTRUCTION" missed="3" covered="0"/><counter type="LINE" missed="1" covered="0"/><counter type="COMPLEXITY" missed="1" covered="0"/><counter type="METHOD" missed="1" covered="0"/></method><counter type="INSTRUCTION" missed="5" covered="5"/><counter type="LINE" missed="1" covered="1"/><counter type="COMPLEXITY" missed="2" covered="1"/><counter type="METHOD" missed="2" covered="1"/><counter type="CLASS" missed="0" covered="1"/></class><class name="org/jqassistant/plugin/contextmapper/report/ContextMapperLanguage$ContextMapperLanguageElement$2" sourcefilename="ContextMapperLanguage.java"><method name="&lt;init&gt;" desc="(Ljava/lang/String;I)V" line="35"><counter type="INSTRUCTION" missed="0" covered="5"/><counter type="LINE" missed="0" covered="1"/><counter type="COMPLEXITY" missed="0" covered="1"/><counter type="METHOD" missed="0" covered="1"/></method><method name="getSourceProvider" desc="()Lcom/buschmais/jqassistant/core/report/api/SourceProvider;" line="37"><counter type="INSTRUCTION" missed="2" covered="0"/><counter type="LINE" missed="1" covered="0"/><counter type="COMPLEXITY" missed="1" covered="0"/><counter type="METHOD" missed="1" covered="0"/></method><method name="lambda$getSourceProvider$0" desc="(Lorg/jqassistant/plugin/contextmapper/model/DomainDescriptor;)Ljava/lang/String;" line="37"><counter type="INSTRUCTION" missed="3" covered="0"/><counter type="LINE" missed="1" covered="0"/><counter type="COMPLEXITY" missed="1" covered="0"/><counter type="METHOD" missed="1" covered="0"/></method><counter type="INSTRUCTION" missed="5" covered="5"/><counter type="LINE" missed="1" covered="1"/><counter type="COMPLEXITY" missed="2" covered="1"/><counter type="METHOD" missed="2" covered="1"/><counter type="CLASS" missed="0" covered="1"/></class><class name="org/jqassistant/plugin/contextmapper/report/ContextMapperLanguage$ContextMapperLanguageElement$1" sourcefilename="ContextMapperLanguage.java"><method name="&lt;init&gt;" desc="(Ljava/lang/String;I)V" line="29"><counter type="INSTRUCTION" missed="0" covered="5"/><counter type="LINE" missed="0" covered="1"/><counter type="COMPLEXITY" missed="0" covered="1"/><counter type="METHOD" missed="0" covered="1"/></method><method name="getSourceProvider" desc="()Lcom/buschmais/jqassistant/core/report/api/SourceProvider;" line="32"><counter type="INSTRUCTION" missed="0" covered="2"/><counter type="LINE" missed="0" covered="1"/><counter type="COMPLEXITY" missed="0" covered="1"/><counter type="METHOD" missed="0" covered="1"/></method><method name="lambda$getSourceProvider$0" desc="(Lorg/jqassistant/plugin/contextmapper/model/BoundedContextBaseDescriptor;)Ljava/lang/String;" line="32"><counter type="INSTRUCTION" missed="0" covered="3"/><counter type="LINE" missed="0" covered="1"/><counter type="COMPLEXITY" missed="0" covered="1"/><counter type="METHOD" missed="0" covered="1"/></method><counter type="INSTRUCTION" missed="0" covered="10"/><counter type="LINE" missed="0" covered="2"/><counter type="COMPLEXITY" missed="0" covered="3"/><counter type="METHOD" missed="0" covered="3"/><counter type="CLASS" missed="0" covered="1"/></class><class name="org/jqassistant/plugin/contextmapper/report/ContextMapperLanguage" sourcefilename="ContextMapperLanguage.java"/><class name="org/jqassistant/plugin/contextmapper/report/ContextMapperDiagram" sourcefilename="ContextMapperDiagram.java"><method name="&lt;init&gt;" desc="(Ljava/util/List;Ljava/util/List;)V" line="17"><counter type="INSTRUCTION" missed="0" covered="9"/><counter type="LINE" missed="0" covered="1"/><counter type="COMPLEXITY" missed="0" covered="1"/><counter type="METHOD" missed="0" covered="1"/></method><method name="builder" desc="()Lorg/jqassistant/plugin/contextmapper/report/ContextMapperDiagram$ContextMapperDiagramBuilder;" line="17"><counter type="INSTRUCTION" missed="0" covered="4"/><counter type="LINE" missed="0" covered="1"/><counter type="COMPLEXITY" missed="0" covered="1"/><counter type="METHOD" missed="0" covered="1"/></method><method name="getBoundedContexts" desc="()Ljava/util/List;" line="21"><counter type="INSTRUCTION" missed="0" covered="3"/><counter type="LINE" missed="0" covered="1"/><counter type="COMPLEXITY" missed="0" covered="1"/><counter type="METHOD" missed="0" covered="1"/></method><method name="getRelationships" desc="()Ljava/util/List;" line="24"><counter type="INSTRUCTION" missed="0" covered="3"/><counter type="LINE" missed="0" covered="1"/><counter type="COMPLEXITY" missed="0" covered="1"/><counter type="METHOD" missed="0" covered="1"/></method><counter type="INSTRUCTION" missed="0" covered="19"/><counter type="LINE" missed="0" covered="3"/><counter type="COMPLEXITY" missed="0" covered="4"/><counter type="METHOD" missed="0" covered="4"/><counter type="CLASS" missed="0" covered="1"/></class><class name="org/jqassistant/plugin/contextmapper/report/ContextMapperLanguage$ContextMapperLanguageElement" sourcefilename="ContextMapperLanguage.java"><method name="getLanguage" desc="()Ljava/lang/String;" line="48"><counter type="INSTRUCTION" missed="0" covered="2"/><counter type="LINE" missed="0" covered="1"/><counter type="COMPLEXITY" missed="0" covered="1"/><counter type="METHOD" missed="0" covered="1"/></method><method name="&lt;clinit&gt;" desc="()V" line="28"><counter type="INSTRUCTION" missed="0" covered="21"/><counter type="LINE" missed="0" covered="4"/><counter type="COMPLEXITY" missed="0" covered="1"/><counter type="METHOD" missed="0" covered="1"/></method><counter type="INSTRUCTION" missed="0" covered="23"/><counter type="LINE" missed="0" covered="5"/><counter type="COMPLEXITY" missed="0" covered="2"/><counter type="METHOD" missed="0" covered="2"/><counter type="CLASS" missed="0" covered="1"/></class><class name="org/jqassistant/plugin/contextmapper/report/ContextMapGenerator" sourcefilename="ContextMapGenerator.java"><method name="&lt;init&gt;" desc="()V" line="41"><counter type="INSTRUCTION" missed="0" covered="3"/><counter type="LINE" missed="0" covered="1"/><counter type="COMPLEXITY" missed="0" covered="1"/><counter type="METHOD" missed="0" covered="1"/></method><method name="generateContextMap" desc="(Lcom/buschmais/jqassistant/core/report/api/model/Result;)Lorg/contextmapper/contextmap/generator/model/ContextMap;" line="50"><counter type="INSTRUCTION" missed="0" covered="42"/><counter type="LINE" missed="0" covered="11"/><counter type="COMPLEXITY" missed="0" covered="1"/><counter type="METHOD" missed="0" covered="1"/></method><method name="createRelationship" desc="(Lorg/jqassistant/plugin/contextmapper/model/BoundedContextDependencyDescriptor;Ljava/util/Map;)Ljava/util/Optional;" line="67"><counter type="INSTRUCTION" missed="6" covered="108"/><counter type="BRANCH" missed="2" covered="14"/><counter type="LINE" missed="1" covered="26"/><counter type="COMPLEXITY" missed="2" covered="7"/><counter type="METHOD" missed="0" covered="1"/></method><method name="convert" desc="(Lcom/buschmais/jqassistant/core/report/api/model/Result;)Lorg/jqassistant/plugin/contextmapper/report/ContextMapperDiagram;" line="101"><counter type="INSTRUCTION" missed="0" covered="60"/><counter type="BRANCH" missed="0" covered="8"/><counter type="LINE" missed="0" covered="13"/><counter type="COMPLEXITY" missed="0" covered="5"/><counter type="METHOD" missed="0" covered="1"/></method><method name="lambda$createRelationship$7" desc="(I)[Lorg/contextmapper/contextmap/generator/model/UpstreamPatterns;" line="89"><counter type="INSTRUCTION" missed="0" covered="3"/><counter type="LINE" missed="0" covered="1"/><counter type="COMPLEXITY" missed="0" covered="1"/><counter type="METHOD" missed="0" covered="1"/></method><method name="lambda$createRelationship$6" desc="(Lorg/contextmapper/dsl/contextMappingDSL/UpstreamRole;)Lorg/contextmapper/contextmap/generator/model/UpstreamPatterns;" line="88"><counter type="INSTRUCTION" missed="1" covered="11"/><counter type="BRANCH" missed="1" covered="3"/><counter type="LINE" missed="0" covered="1"/><counter type="COMPLEXITY" missed="1" covered="2"/><counter type="METHOD" missed="0" covered="1"/></method><method name="lambda$createRelationship$5" desc="(I)[Lorg/contextmapper/contextmap/generator/model/DownstreamPatterns;" line="84"><counter type="INSTRUCTION" missed="0" covered="3"/><counter type="LINE" missed="0" covered="1"/><counter type="COMPLEXITY" missed="0" covered="1"/><counter type="METHOD" missed="0" covered="1"/></method><method name="lambda$createRelationship$4" desc="(Lorg/contextmapper/dsl/contextMappingDSL/DownstreamRole;)Lorg/contextmapper/contextmap/generator/model/DownstreamPatterns;" line="82"><counter type="INSTRUCTION" missed="1" covered="11"/><counter type="BRANCH" missed="1" covered="3"/><counter type="LINE" missed="0" covered="1"/><counter type="COMPLEXITY" missed="1" covered="2"/><counter type="METHOD" missed="0" covered="1"/></method><method name="lambda$generateContextMap$3" desc="(Ljava/util/Optional;)Ljava/util/stream/Stream;" line="60"><counter type="INSTRUCTION" missed="0" covered="7"/><counter type="LINE" missed="0" covered="1"/><counter type="COMPLEXITY" missed="0" covered="1"/><counter type="METHOD" missed="0" covered="1"/></method><method name="lambda$generateContextMap$2" desc="(Ljava/util/Map;Lorg/jqassistant/plugin/contextmapper/model/BoundedContextDependencyDescriptor;)Ljava/util/Optional;" line="59"><counter type="INSTRUCTION" missed="0" covered="5"/><counter type="LINE" missed="0" covered="1"/><counter type="COMPLEXITY" missed="0" covered="1"/><counter type="METHOD" missed="0" covered="1"/></method><method name="lambda$generateContextMap$1" desc="(Lorg/contextmapper/contextmap/generator/model/BoundedContext;)Lorg/contextmapper/contextmap/generator/model/BoundedContext;" line="56"><counter type="INSTRUCTION" missed="0" covered="2"/><counter type="LINE" missed="0" covered="1"/><counter type="COMPLEXITY" missed="0" covered="1"/><counter type="METHOD" missed="0" covered="1"/></method><method name="lambda$generateContextMap$0" desc="(Lorg/jqassistant/plugin/contextmapper/model/BoundedContextBaseDescriptor;)Lorg/contextmapper/contextmap/generator/model/BoundedContext;" line="54"><counter type="INSTRUCTION" missed="0" covered="6"/><counter type="LINE" missed="0" covered="1"/><counter type="COMPLEXITY" missed="0" covered="1"/><counter type="METHOD" missed="0" covered="1"/></method><method name="&lt;clinit&gt;" desc="()V" line="40"><counter type="INSTRUCTION" missed="0" covered="4"/><counter type="LINE" missed="0" covered="1"/><counter type="COMPLEXITY" missed="0" covered="1"/><counter type="METHOD" missed="0" covered="1"/></method><counter type="INSTRUCTION" missed="8" covered="265"/><counter type="BRANCH" missed="4" covered="28"/><counter type="LINE" missed="1" covered="52"/><counter type="COMPLEXITY" missed="4" covered="25"/><counter type="METHOD" missed="0" covered="13"/><counter type="CLASS" missed="0" covered="1"/></class><class name="org/jqassistant/plugin/contextmapper/report/ContextMapperDiagram$ContextMapperDiagramBuilder" sourcefilename="ContextMapperDiagram.java"><method name="&lt;init&gt;" desc="()V" line="17"><counter type="INSTRUCTION" missed="0" covered="3"/><counter type="LINE" missed="0" covered="1"/><counter type="COMPLEXITY" missed="0" covered="1"/><counter type="METHOD" missed="0" covered="1"/></method><method name="boundedContext" desc="(Lorg/jqassistant/plugin/contextmapper/model/BoundedContextBaseDescriptor;)Lorg/jqassistant/plugin/contextmapper/report/ContextMapperDiagram$ContextMapperDiagramBuilder;" line="17"><counter type="INSTRUCTION" missed="15" covered="0"/><counter type="BRANCH" missed="2" covered="0"/><counter type="LINE" missed="1" covered="0"/><counter type="COMPLEXITY" missed="2" covered="0"/><counter type="METHOD" missed="1" covered="0"/></method><method name="boundedContexts" desc="(Ljava/util/Collection;)Lorg/jqassistant/plugin/contextmapper/report/ContextMapperDiagram$ContextMapperDiagramBuilder;" line="17"><counter type="INSTRUCTION" missed="5" covered="17"/><counter type="BRANCH" missed="2" covered="2"/><counter type="LINE" missed="0" covered="1"/><counter type="COMPLEXITY" missed="2" covered="1"/><counter type="METHOD" missed="0" covered="1"/></method><method name="clearBoundedContexts" desc="()Lorg/jqassistant/plugin/contextmapper/report/ContextMapperDiagram$ContextMapperDiagramBuilder;" line="17"><counter type="INSTRUCTION" missed="8" covered="0"/><counter type="BRANCH" missed="2" covered="0"/><counter type="LINE" missed="1" covered="0"/><counter type="COMPLEXITY" missed="2" covered="0"/><counter type="METHOD" missed="1" covered="0"/></method><method name="relationship" desc="(Lorg/jqassistant/plugin/contextmapper/model/BoundedContextDependencyDescriptor;)Lorg/jqassistant/plugin/contextmapper/report/ContextMapperDiagram$ContextMapperDiagramBuilder;" line="17"><counter type="INSTRUCTION" missed="0" covered="15"/><counter type="BRANCH" missed="0" covered="2"/><counter type="LINE" missed="0" covered="1"/><counter type="COMPLEXITY" missed="0" covered="2"/><counter type="METHOD" missed="0" covered="1"/></method><method name="relationships" desc="(Ljava/util/Collection;)Lorg/jqassistant/plugin/contextmapper/report/ContextMapperDiagram$ContextMapperDiagramBuilder;" line="17"><counter type="INSTRUCTION" missed="22" covered="0"/><counter type="BRANCH" missed="4" covered="0"/><counter type="LINE" missed="1" covered="0"/><counter type="COMPLEXITY" missed="3" covered="0"/><counter type="METHOD" missed="1" covered="0"/></method><method name="clearRelationships" desc="()Lorg/jqassistant/plugin/contextmapper/report/ContextMapperDiagram$ContextMapperDiagramBuilder;" line="17"><counter type="INSTRUCTION" missed="8" covered="0"/><counter type="BRANCH" missed="2" covered="0"/><counter type="LINE" missed="1" covered="0"/><counter type="COMPLEXITY" missed="2" covered="0"/><counter type="METHOD" missed="1" covered="0"/></method><method name="build" desc="()Lorg/jqassistant/plugin/contextmapper/report/ContextMapperDiagram;" line="17"><counter type="INSTRUCTION" missed="18" covered="42"/><counter type="BRANCH" missed="5" covered="5"/><counter type="LINE" missed="0" covered="1"/><counter type="COMPLEXITY" missed="5" covered="2"/><counter type="METHOD" missed="0" covered="1"/></method><method name="toString" desc="()Ljava/lang/String;" line="17"><counter type="INSTRUCTION" missed="8" covered="0"/><counter type="LINE" missed="1" covered="0"/><counter type="COMPLEXITY" missed="1" covered="0"/><counter type="METHOD" missed="1" covered="0"/></method><counter type="INSTRUCTION" missed="84" covered="77"/><counter type="BRANCH" missed="17" covered="9"/><counter type="LINE" missed="0" covered="1"/><counter type="COMPLEXITY" missed="17" covered="6"/><counter type="METHOD" missed="5" covered="4"/><counter type="CLASS" missed="0" covered="1"/></class><class name="org/jqassistant/plugin/contextmapper/report/ContextMapImageRenderer" sourcefilename="ContextMapImageRenderer.java"><method name="&lt;init&gt;" desc="()V" line="16"><counter type="INSTRUCTION" missed="0" covered="3"/><counter type="LINE" missed="0" covered="1"/><counter type="COMPLEXITY" missed="0" covered="1"/><counter type="METHOD" missed="0" covered="1"/></method><method name="renderDiagram" desc="(Lorg/contextmapper/contextmap/generator/model/ContextMap;Lcom/buschmais/jqassistant/core/rule/api/model/ExecutableRule;Ljava/io/File;Lguru/nidi/graphviz/engine/Format;)Ljava/io/File;" line="31"><counter type="INSTRUCTION" missed="0" covered="28"/><counter type="LINE" missed="0" covered="6"/><counter type="COMPLEXITY" missed="0" covered="1"/><counter type="METHOD" missed="0" covered="1"/></method><counter type="INSTRUCTION" missed="0" covered="31"/><counter type="LINE" missed="0" covered="7"/><counter type="COMPLEXITY" missed="0" covered="2"/><counter type="METHOD" missed="0" covered="2"/><counter type="CLASS" missed="0" covered="1"/></class><sourcefile name="ContextMapGenerator.java"><line nr="40" mi="0" ci="4" mb="0" cb="0"/><line nr="41" mi="0" ci="3" mb="0" cb="0"/><line nr="50" mi="0" ci="4" mb="0" cb="0"/><line nr="51" mi="0" ci="4" mb="0" cb="0"/><line nr="53" mi="0" ci="4" mb="0" cb="0"/><line nr="54" mi="0" ci="9" mb="0" cb="0"/><line nr="55" mi="0" ci="6" mb="0" cb="0"/><line nr="56" mi="0" ci="6" mb="0" cb="0"/><line nr="58" mi="0" ci="6" mb="0" cb="0"/><line nr="59" mi="0" ci="7" mb="0" cb="0"/><line nr="60" mi="0" ci="10" mb="0" cb="0"/><line nr="61" mi="0" ci="4" mb="0" cb="0"/><line nr="63" mi="0" ci="2" mb="0" cb="0"/><line nr="67" mi="0" ci="7" mb="0" cb="0"/><line nr="68" mi="0" ci="7" mb="0" cb="0"/><line nr="69" mi="0" ci="4" mb="0" cb="0"/><line nr="71" mi="0" ci="2" mb="0" cb="0"/><line nr="72" mi="0" ci="2" mb="1" cb="1"/><line nr="73" mi="6" ci="0" mb="0" cb="0"/><line nr="74" mi="0" ci="3" mb="0" cb="2"/><line nr="75" mi="0" ci="7" mb="0" cb="0"/><line nr="76" mi="0" ci="3" mb="0" cb="2"/><line nr="77" mi="0" ci="7" mb="0" cb="0"/><line nr="78" mi="0" ci="6" mb="1" cb="3"/><line nr="79" mi="0" ci="10" mb="0" cb="2"/><line nr="80" mi="0" ci="2" mb="0" cb="0"/><line nr="81" mi="0" ci="2" mb="0" cb="0"/><line nr="82" mi="1" ci="13" mb="1" cb="3"/><line nr="83" mi="0" ci="2" mb="0" cb="0"/><line nr="84" mi="0" ci="6" mb="0" cb="0"/><line nr="85" mi="0" ci="10" mb="0" cb="2"/><line nr="86" mi="0" ci="2" mb="0" cb="0"/><line nr="87" mi="0" ci="2" mb="0" cb="0"/><line nr="88" mi="1" ci="13" mb="1" cb="3"/><line nr="89" mi="0" ci="6" mb="0" cb="0"/><line nr="92" mi="0" ci="11" mb="0" cb="2"/><line nr="93" mi="0" ci="2" mb="0" cb="0"/><line nr="94" mi="0" ci="2" mb="0" cb="0"/><line nr="95" mi="0" ci="2" mb="0" cb="0"/><line nr="97" mi="0" ci="3" mb="0" cb="0"/><line nr="101" mi="0" ci="2" mb="0" cb="0"/><line nr="103" mi="0" ci="6" mb="0" cb="0"/><line nr="105" mi="0" ci="11" mb="0" cb="2"/><line nr="106" mi="0" ci="12" mb="0" cb="2"/><line nr="107" mi="0" ci="3" mb="0" cb="0"/><line nr="108" mi="0" ci="3" mb="0" cb="2"/><line nr="109" mi="0" ci="6" mb="0" cb="0"/><line nr="110" mi="0" ci="3" mb="0" cb="2"/><line nr="111" mi="0" ci="5" mb="0" cb="0"/><line nr="113" mi="0" ci="1" mb="0" cb="0"/><line nr="114" mi="0" ci="1" mb="0" cb="0"/><line nr="116" mi="0" ci="4" mb="0" cb="0"/><line nr="118" mi="0" ci="3" mb="0" cb="0"/><counter type="INSTRUCTION" missed="8" covered="265"/><counter type="BRANCH" missed="4" covered="28"/><counter type="LINE" missed="1" covered="52"/><counter type="COMPLEXITY" missed="4" covered="25"/><counter type="METHOD" missed="0" covered="13"/><counter type="CLASS" missed="0" covered="1"/></sourcefile><sourcefile name="ContextMapperLanguage.java"><line nr="28" mi="0" ci="3" mb="0" cb="0"/><line nr="29" mi="0" ci="11" mb="0" cb="0"/><line nr="32" mi="0" ci="5" mb="0" cb="0"/><line nr="35" mi="0" ci="11" mb="0" cb="0"/><line nr="37" mi="5" ci="0" mb="0" cb="0"/><line nr="40" mi="0" ci="11" mb="0" cb="0"/><line nr="42" mi="5" ci="0" mb="0" cb="0"/><line nr="48" mi="0" ci="2" mb="0" cb="0"/><counter type="INSTRUCTION" missed="10" covered="43"/><counter type="LINE" missed="2" covered="6"/><counter type="COMPLEXITY" missed="4" covered="7"/><counter type="METHOD" missed="4" covered="7"/><counter type="CLASS" missed="0" covered="4"/></sourcefile><sourcefile name="ContextMapImageRenderer.java"><line nr="16" mi="0" ci="3" mb="0" cb="0"/><line nr="31" mi="0" ci="9" mb="0" cb="0"/><line nr="32" mi="0" ci="6" mb="0" cb="0"/><line nr="33" mi="0" ci="4" mb="0" cb="0"/><line nr="34" mi="0" ci="4" mb="0" cb="0"/><line nr="35" mi="0" ci="3" mb="0" cb="0"/><line nr="36" mi="0" ci="2" mb="0" cb="0"/><counter type="INSTRUCTION" missed="0" covered="31"/><counter type="LINE" missed="0" covered="7"/><counter type="COMPLEXITY" missed="0" covered="2"/><counter type="METHOD" missed="0" covered="2"/><counter type="CLASS" missed="0" covered="1"/></sourcefile><sourcefile name="ContextMapperDiagram.java"><line nr="17" mi="84" ci="90" mb="17" cb="9"/><line nr="21" mi="0" ci="3" mb="0" cb="0"/><line nr="24" mi="0" ci="3" mb="0" cb="0"/><counter type="INSTRUCTION" missed="84" covered="96"/><counter type="BRANCH" missed="17" covered="9"/><counter type="LINE" missed="0" covered="3"/><counter type="COMPLEXITY" missed="17" covered="10"/><counter type="METHOD" missed="5" covered="8"/><counter type="CLASS" missed="0" covered="2"/></sourcefile><counter type="INSTRUCTION" missed="102" covered="435"/><counter type="BRANCH" missed="21" covered="37"/><counter type="LINE" missed="3" covered="68"/><counter type="COMPLEXITY" missed="25" covered="44"/><counter type="METHOD" missed="9" covered="30"/><counter type="CLASS" missed="0" covered="8"/></package><counter type="INSTRUCTION" missed="158" covered="1086"/><counter type="BRANCH" missed="36" covered="70"/><counter type="LINE" missed="16" covered="194"/><counter type="COMPLEXITY" missed="42" covered="96"/><counter type="METHOD" missed="12" covered="70"/><counter type="CLASS" missed="0" covered="11"/></report>