<?xml version="1.0" encoding="UTF-8"?>
<testsuite xmlns:xsi="http://www.w3.org/2001/XMLSchema-instance" xsi:noNamespaceSchemaLocation="https://maven.apache.org/surefire/maven-failsafe-plugin/xsd/failsafe-test-report.xsd" version="3.0.2" name="org.jqassistant.plugin.contextmapper.report.ContextMapGeneratorIT" time="3.174" tests="2" errors="0" skipped="0" failures="0">
  <properties>
[...]
</properties>
  <testcase name="testContextMapperNodes" classname="org.jqassistant.plugin.contextmapper.report.ContextMapGeneratorIT" time="2.052">
    <system-out><![CDATA[try to call: path=/tmp/GraphvizJava/DotEngine17324492324929301158; dotFile=/tmp/GraphvizJava/DotEngine17324492324929301158/dotfile.dot; options=Options{engine=DOT, format=SVG, totalMemory=null, yInvert=null, basedir=./target/jqassistant/report/context-mapper, images=[]}
]]></system-out>
    <system-err><![CDATA[[main] INFO com.buschmais.jqassistant.core.runtime.impl.plugin.PluginConfigurationReaderImpl - Scanning for jQAssistant plugins...
[main] INFO com.buschmais.jqassistant.core.runtime.impl.plugin.PluginRepositoryImpl - jQAssistant Core Analysis Plugin 2.4.0 [jqa.core.analysis.plugin]
[main] INFO com.buschmais.jqassistant.core.runtime.impl.plugin.PluginRepositoryImpl - jQAssistant Core Report Plugin 2.4.0 [jqa.core.report.plugin]
[main] INFO com.buschmais.jqassistant.core.runtime.impl.plugin.PluginRepositoryImpl - jQAssistant Common Plugin 2.4.0 [jqa.plugin.common]
[main] INFO com.buschmais.jqassistant.core.runtime.impl.plugin.PluginRepositoryImpl - jQAssistant Context Mapper Plugin <unknown version> [jqa.plugin.contextmapper]
[main] INFO com.buschmais.jqassistant.core.store.api.StoreFactory - Connecting to store at memory:///'
[main] INFO org.neo4j.dbms.identity.DefaultIdentityModule - This instance is ServerId{a7e72e52} (a7e72e52-3913-4131-8a16-575dbaf2245f)
[main] INFO org.neo4j.server.security.systemgraph.UserSecurityGraphComponent - Initializing system graph model for component 'security-users' with version -1 and status UNINITIALIZED
[main] INFO org.neo4j.server.security.systemgraph.UserSecurityGraphComponent - Setting up initial user from defaults: neo4j
[main] INFO org.neo4j.server.security.systemgraph.UserSecurityGraphComponent - Creating new user 'neo4j' (passwordChangeRequired=true, suspended=false)
[main] INFO org.neo4j.server.security.systemgraph.UserSecurityGraphComponent - Setting version for 'security-users' to 3
[main] INFO org.neo4j.server.security.systemgraph.UserSecurityGraphComponent - After initialization of system graph model component 'security-users' have version 3 and status CURRENT
[main] INFO org.neo4j.server.security.systemgraph.UserSecurityGraphComponent - Performing postInitialization step for component 'security-users' with version 3 and status CURRENT
[main] INFO org.neo4j.test.TestDatabaseManagementServiceFactory - id: EC8E65C93D1111BF54FFED4573A6A8E6D61DB69F4156D1D2BB476CEC2C963282
[main] INFO org.neo4j.test.TestDatabaseManagementServiceFactory - name: system
[main] INFO org.neo4j.test.TestDatabaseManagementServiceFactory - creationDate: 2024-08-15T16:19:06.097Z
[main] INFO com.buschmais.jqassistant.core.store.impl.EmbeddedGraphStore - Initialized embedded Neo4j database '4.4.36'.
[main] INFO com.buschmais.jqassistant.core.analysis.impl.AnalyzerRuleVisitor - Applying concept 'context-mapper:BoundedContexts' with severity: 'MINOR'.
Warning: Nashorn engine is planned to be removed from a future JDK release
[main] INFO guru.nidi.graphviz.service.CommandLineExecutor - executing command [/bin/sh, -c, dot -Tsvg /tmp/GraphvizJava/DotEngine17324492324929301158/dotfile.dot -ooutfile.svg]
]]></system-err>
  </testcase>
  <testcase name="testJMoleculesNodes" classname="org.jqassistant.plugin.contextmapper.report.ContextMapGeneratorIT" time="1.05">
    <system-out><![CDATA[try to call: path=/tmp/GraphvizJava/DotEngine10951073069472071274; dotFile=/tmp/GraphvizJava/DotEngine10951073069472071274/dotfile.dot; options=Options{engine=DOT, format=SVG, totalMemory=null, yInvert=null, basedir=./target/jqassistant/report/context-mapper, images=[]}
]]></system-out>
    <system-err><![CDATA[[main] INFO com.buschmais.jqassistant.core.store.api.StoreFactory - Connecting to store at memory:///'
[main] INFO org.neo4j.dbms.identity.DefaultIdentityModule - This instance is ServerId{7f412cde} (7f412cde-28c3-4138-98e2-bf21855bea5d)
[main] INFO org.neo4j.server.security.systemgraph.UserSecurityGraphComponent - Initializing system graph model for component 'security-users' with version -1 and status UNINITIALIZED
[main] INFO org.neo4j.server.security.systemgraph.UserSecurityGraphComponent - Setting up initial user from defaults: neo4j
[main] INFO org.neo4j.server.security.systemgraph.UserSecurityGraphComponent - Creating new user 'neo4j' (passwordChangeRequired=true, suspended=false)
[main] INFO org.neo4j.server.security.systemgraph.UserSecurityGraphComponent - Setting version for 'security-users' to 3
[main] INFO org.neo4j.server.security.systemgraph.UserSecurityGraphComponent - After initialization of system graph model component 'security-users' have version 3 and status CURRENT
[main] INFO org.neo4j.server.security.systemgraph.UserSecurityGraphComponent - Performing postInitialization step for component 'security-users' with version 3 and status CURRENT
[main] INFO org.neo4j.test.TestDatabaseManagementServiceFactory - id: 7052BAD89E3A2B8D963A76708718B49FBAD07F339F6AA8AEE0ECE21BC97233E3
[main] INFO org.neo4j.test.TestDatabaseManagementServiceFactory - name: system
[main] INFO org.neo4j.test.TestDatabaseManagementServiceFactory - creationDate: 2024-08-15T16:19:08.149Z
[main] INFO com.buschmais.jqassistant.core.store.impl.EmbeddedGraphStore - Initialized embedded Neo4j database '4.4.36'.
[main] INFO com.buschmais.jqassistant.core.analysis.impl.AnalyzerRuleVisitor - Applying concept 'jMolecules:BoundedContexts' with severity: 'MINOR'.
[main] INFO guru.nidi.graphviz.service.CommandLineExecutor - executing command [/bin/sh, -c, dot -Tsvg /tmp/GraphvizJava/DotEngine10951073069472071274/dotfile.dot -ooutfile.svg]
]]></system-err>
  </testcase>
</testsuite>