<?xml version="1.0" encoding="UTF-8"?>
<testsuite xmlns:xsi="http://www.w3.org/2001/XMLSchema-instance" xsi:noNamespaceSchemaLocation="https://maven.apache.org/surefire/maven-failsafe-plugin/xsd/failsafe-test-report-3.0.xsd" version="3.0" name="org.jqassistant.plugin.contextmapper.report.ContextMapperReportPluginIT" time="1.083" tests="1" errors="0" skipped="0" failures="0">
  <properties>
[...]
</properties>
  <testcase name="scan" classname="org.jqassistant.plugin.contextmapper.report.ContextMapperReportPluginIT" time="1.04">
    <system-out><![CDATA[try to call: path=/tmp/GraphvizJava/DotEngine11817371780191598740; dotFile=/tmp/GraphvizJava/DotEngine11817371780191598740/dotfile.dot; options=Options{engine=DOT, format=SVG, totalMemory=null, yInvert=null, basedir=./target/jqassistant/report/context-mapper, images=[]}
]]></system-out>
    <system-err><![CDATA[[main] INFO com.buschmais.jqassistant.core.runtime.impl.plugin.PluginConfigurationReaderImpl - Scanning for jQAssistant plugins...
[main] INFO com.buschmais.jqassistant.core.runtime.impl.plugin.PluginRepositoryImpl - jQAssistant Core Analysis Plugin 2.3.0 [jqa.core.analysis.plugin]
[main] INFO com.buschmais.jqassistant.core.runtime.impl.plugin.PluginRepositoryImpl - jQAssistant Core Report Plugin 2.3.0 [jqa.core.report.plugin]
[main] INFO com.buschmais.jqassistant.core.runtime.impl.plugin.PluginRepositoryImpl - jQAssistant Common Plugin 2.3.0 [jqa.plugin.common]
[main] INFO com.buschmais.jqassistant.core.runtime.impl.plugin.PluginRepositoryImpl - jQAssistant Context Mapper Plugin <unknown version> [jqa.plugin.contextmapper]
[main] INFO com.buschmais.jqassistant.core.store.api.StoreFactory - Connecting to store at memory:///'
[main] INFO org.neo4j.dbms.identity.DefaultIdentityModule - This instance is ServerId{6f6f1942} (6f6f1942-b106-407f-9d18-bf5d33c23adf)
[main] INFO org.neo4j.server.security.systemgraph.UserSecurityGraphComponent - Initializing system graph model for component 'security-users' with version -1 and status UNINITIALIZED
[main] INFO org.neo4j.server.security.systemgraph.UserSecurityGraphComponent - Setting up initial user from defaults: neo4j
[main] INFO org.neo4j.server.security.systemgraph.UserSecurityGraphComponent - Creating new user 'neo4j' (passwordChangeRequired=true, suspended=false)
[main] INFO org.neo4j.server.security.systemgraph.UserSecurityGraphComponent - Setting version for 'security-users' to 3
[main] INFO org.neo4j.server.security.systemgraph.UserSecurityGraphComponent - After initialization of system graph model component 'security-users' have version 3 and status CURRENT
[main] INFO org.neo4j.server.security.systemgraph.UserSecurityGraphComponent - Performing postInitialization step for component 'security-users' with version 3 and status CURRENT
[main] INFO org.neo4j.test.TestDatabaseManagementServiceFactory - id: 60F13AA6CF3B7344F49EA133401F213E71099AEBEE2331758EF30EE70A652546
[main] INFO org.neo4j.test.TestDatabaseManagementServiceFactory - name: system
[main] INFO org.neo4j.test.TestDatabaseManagementServiceFactory - creationDate: 2024-07-25T12:22:52.767Z
[main] INFO com.buschmais.jqassistant.core.store.impl.EmbeddedGraphStore - Initialized embedded Neo4j database '4.4.34'.
[main] INFO com.buschmais.jqassistant.core.store.impl.AbstractGraphStore - Resetting store.
[main] INFO com.buschmais.jqassistant.core.store.impl.AbstractGraphStore - Reset finished (removed 0 nodes, duration: 0s).
[main] INFO com.buschmais.jqassistant.core.analysis.impl.AnalyzerRuleVisitor - Applying concept 'context-mapper:BoundedContexts' with severity: 'MINOR'.
[main] INFO guru.nidi.graphviz.service.CommandLineExecutor - executing command [/bin/sh, -c, dot -Tsvg /tmp/GraphvizJava/DotEngine11817371780191598740/dotfile.dot -ooutfile.svg]
]]></system-err>
  </testcase>
</testsuite>