<?xml version="1.0" encoding="UTF-8"?>
<testsuite xmlns:xsi="http://www.w3.org/2001/XMLSchema-instance" xsi:noNamespaceSchemaLocation="https://maven.apache.org/surefire/maven-failsafe-plugin/xsd/failsafe-test-report-3.0.xsd" version="3.0" name="org.jqassistant.plugin.contextmapper.report.ContextMapperReportPluginIT" time="0.751" tests="1" errors="0" skipped="0" failures="0">
  <properties>
[...]
</properties>
  <testcase name="scan" classname="org.jqassistant.plugin.contextmapper.report.ContextMapperReportPluginIT" time="0.699">
    <system-out><![CDATA[try to call: path=/tmp/GraphvizJava/DotEngine10073138086518989952; dotFile=/tmp/GraphvizJava/DotEngine10073138086518989952/dotfile.dot; options=Options{engine=DOT, format=SVG, totalMemory=null, yInvert=null, basedir=./target/jqassistant/report/context-mapper, images=[]}
]]></system-out>
    <system-err><![CDATA[[main] INFO com.buschmais.jqassistant.core.runtime.impl.plugin.PluginConfigurationReaderImpl - Scanning for jQAssistant plugins...
[main] INFO com.buschmais.jqassistant.core.runtime.impl.plugin.PluginConfigurationReaderImpl - Loaded plugin 'jQAssistant Context Mapper Plugin' with id 'jqa.plugin.contextmapper'
[main] INFO com.buschmais.jqassistant.core.runtime.impl.plugin.PluginConfigurationReaderImpl - Loaded plugin 'jQAssistant Core Report Plugin' with id 'jqa.core.report.plugin'
[main] INFO com.buschmais.jqassistant.core.runtime.impl.plugin.PluginConfigurationReaderImpl - Loaded plugin 'jQAssistant Common Plugin' with id 'jqa.plugin.common'
[main] INFO com.buschmais.jqassistant.core.runtime.impl.plugin.PluginConfigurationReaderImpl - Loaded plugin 'jQAssistant Core Analysis Plugin' with id 'jqa.core.analysis.plugin'
[main] INFO com.buschmais.jqassistant.core.store.api.StoreFactory - Connecting to store at memory:///'
[main] INFO com.buschmais.jqassistant.core.store.impl.EmbeddedGraphStore - Initialized embedded Neo4j database '5.17.0'.
[main] INFO com.buschmais.jqassistant.core.store.impl.AbstractGraphStore - Resetting store.
[main] INFO com.buschmais.jqassistant.core.store.impl.AbstractGraphStore - Reset finished (removed 0 nodes, duration: 0s).
[main] INFO com.buschmais.jqassistant.core.analysis.impl.AnalyzerRuleVisitor - Applying concept 'context-mapper:BoundedContexts' with severity: 'MINOR'.
[main] INFO guru.nidi.graphviz.service.CommandLineExecutor - executing command [/bin/sh, -c, dot -Tsvg /tmp/GraphvizJava/DotEngine10073138086518989952/dotfile.dot -ooutfile.svg]
]]></system-err>
  </testcase>
</testsuite>